Job started on Sat Mar 29 11:28:12 EDT 2025
ERROR: Unable to locate a modulefile for 'python/3.9.10'
ERROR: Unable to locate a modulefile for 'mpi4py'
[Rank 36] Iteration   0: Energy = -20.4638, Magnetization = -0.0019
[Rank 36] Iteration  10: Energy = -20.4329, Magnetization = 0.0562
[Rank 36] Iteration  20: Energy = -19.4225, Magnetization = -0.0058
[Rank 36] Iteration  30: Energy = -19.7337, Magnetization = 0.0027
[Rank 36] Iteration  40: Energy = -20.9405, Magnetization = 0.0923
[Rank 36] Iteration  50: Energy = -19.7000, Magnetization = 0.0778
[Rank 36] Iteration  60: Energy = -19.6500, Magnetization = 0.0870
[Rank 36] Iteration  70: Energy = -20.0837, Magnetization = 0.2351
[Rank 36] Iteration  80: Energy = -20.5028, Magnetization = 0.3487
[Rank 36] Iteration  90: Energy = -18.9511, Magnetization = 0.4478
[Rank 36] Iteration 100: Energy = -16.9389, Magnetization = 0.4529
[Rank 36] Iteration 110: Energy = -15.7975, Magnetization = 0.4788
[Rank 36] Iteration 120: Energy = -15.3775, Magnetization = -0.4389
[Rank 36] Iteration 130: Energy = -15.8553, Magnetization = -0.4490
[Rank 36] Iteration 140: Energy = -15.4109, Magnetization = -0.4741
[Rank 36] Iteration 150: Energy = -13.6354, Magnetization = -0.4897
[Rank 36] Iteration 160: Energy = -13.1044, Magnetization = 0.4984
[Rank 36] Iteration 170: Energy = -13.1821, Magnetization = -0.4957
[Rank 36] Iteration 180: Energy = -12.6264, Magnetization = -0.4998
[Rank 36] Iteration 190: Energy = -12.5924, Magnetization = -0.4981
[Rank 38] Iteration   0: Energy = -19.9777, Magnetization = 0.0290
[Rank 38] Iteration  10: Energy = -20.0139, Magnetization = 0.0279
[Rank 38] Iteration  20: Energy = -19.6066, Magnetization = 0.0279
[Rank 38] Iteration  30: Energy = -20.2040, Magnetization = 0.0583
[Rank 38] Iteration  40: Energy = -19.7186, Magnetization = 0.0550
[Rank 38] Iteration  50: Energy = -20.4031, Magnetization = 0.0963
[Rank 38] Iteration  60: Energy = -20.1548, Magnetization = 0.1211
[Rank 38] Iteration  70: Energy = -19.9833, Magnetization = 0.2242
[Rank 38] Iteration  80: Energy = -20.2590, Magnetization = 0.3538
[Rank 38] Iteration  90: Energy = -21.1184, Magnetization = 0.5321
[Rank 38] Iteration 100: Energy = -19.7684, Magnetization = 0.5960
[Rank 38] Iteration 110: Energy = -18.5238, Magnetization = -0.4826
[Rank 38] Iteration 120: Energy = -15.4270, Magnetization = 0.6076
[Rank 38] Iteration 130: Energy = -14.9282, Magnetization = 0.5970
[Rank 38] Iteration 140: Energy = -15.6352, Magnetization = -0.6018
[Rank 38] Iteration 150: Energy = -14.2803, Magnetization = 0.5973
[Rank 38] Iteration 160: Energy = -12.4362, Magnetization = 0.6000
[Rank 38] Iteration 170: Energy = -12.3701, Magnetization = 0.6004
[Rank 38] Iteration 180: Energy = -12.1864, Magnetization = 0.6000
[Rank 38] Iteration 190: Energy = -12.1181, Magnetization = 0.6000
[Rank 37] Iteration   0: Energy = -19.6475, Magnetization = -0.0407
[Rank 37] Iteration  10: Energy = -19.6833, Magnetization = -0.0051
[Rank 37] Iteration  20: Energy = -19.6224, Magnetization = -0.0623
[Rank 37] Iteration  30: Energy = -20.0089, Magnetization = -0.0721
[Rank 37] Iteration  40: Energy = -19.7357, Magnetization = -0.0863
[Rank 37] Iteration  50: Energy = -20.1840, Magnetization = -0.1447
[Rank 37] Iteration  60: Energy = -20.6889, Magnetization = -0.1608
[Rank 37] Iteration  70: Energy = -20.2878, Magnetization = -0.3378
[Rank 37] Iteration  80: Energy = -22.5217, Magnetization = -0.6229
[Rank 37] Iteration  90: Energy = -22.4348, Magnetization = -0.7805
[Rank 37] Iteration 100: Energy = -21.4949, Magnetization = -0.8506
[Rank 37] Iteration 110: Energy = -19.5934, Magnetization = -0.8834
[Rank 37] Iteration 120: Energy = -20.1837, Magnetization = 0.8502
[Rank 37] Iteration 130: Energy = -19.4376, Magnetization = 0.8662
[Rank 37] Iteration 140: Energy = -18.8696, Magnetization = 0.8824
[Rank 37] Iteration 150: Energy = -18.1465, Magnetization = 0.8910
[Rank 37] Iteration 160: Energy = -17.6688, Magnetization = 0.8930
[Rank 37] Iteration 170: Energy = -17.2542, Magnetization = 0.8972
[Rank 37] Iteration 180: Energy = -16.9633, Magnetization = 0.8985
[Rank 37] Iteration 190: Energy = -16.8946, Magnetization = 0.8986
[Rank 43] Iteration   0: Energy = -20.0386, Magnetization = -0.0198
[Rank 43] Iteration  10: Energy = -19.6442, Magnetization = 0.0108
[Rank 43] Iteration  20: Energy = -20.1952, Magnetization = -0.0151
[Rank 43] Iteration  30: Energy = -20.3538, Magnetization = -0.0501
[Rank 43] Iteration  40: Energy = -20.0388, Magnetization = -0.0543
[Rank 43] Iteration  50: Energy = -19.6279, Magnetization = -0.0725
[Rank 43] Iteration  60: Energy = -19.5829, Magnetization = -0.0964
[Rank 43] Iteration  70: Energy = -20.2845, Magnetization = -0.2091
[Rank 43] Iteration  80: Energy = -19.0574, Magnetization = -0.3738
[Rank 43] Iteration  90: Energy = -18.5921, Magnetization = -0.4562
[Rank 43] Iteration 100: Energy = -16.8339, Magnetization = -0.5297
[Rank 43] Iteration 110: Energy = -13.9563, Magnetization = -0.5617
[Rank 43] Iteration 120: Energy = -12.7055, Magnetization = 0.5196
[Rank 43] Iteration 130: Energy = -12.9619, Magnetization = 0.5312
[Rank 43] Iteration 140: Energy = -12.4073, Magnetization = 0.5277
[Rank 43] Iteration 150: Energy = -12.2308, Magnetization = 0.5576
[Rank 43] Iteration 160: Energy = -11.6446, Magnetization = 0.5535
[Rank 43] Iteration 170: Energy = -10.9244, Magnetization = 0.5651
[Rank 43] Iteration 180: Energy = -11.1711, Magnetization = 0.5700
[Rank 43] Iteration 190: Energy = -10.7469, Magnetization = 0.5868
[Rank 55] Iteration   0: Energy = -19.7827, Magnetization = -0.0006
[Rank 55] Iteration  10: Energy = -19.7607, Magnetization = -0.0008
[Rank 55] Iteration  20: Energy = -19.6227, Magnetization = -0.0165
[Rank 55] Iteration  30: Energy = -19.1942, Magnetization = 0.0369
[Rank 55] Iteration  40: Energy = -19.4202, Magnetization = -0.0240
[Rank 55] Iteration  50: Energy = -19.8935, Magnetization = 0.0301
[Rank 55] Iteration  60: Energy = -20.1489, Magnetization = 0.1068
[Rank 55] Iteration  70: Energy = -19.3545, Magnetization = 0.1550
[Rank 55] Iteration  80: Energy = -19.0769, Magnetization = 0.2954
[Rank 55] Iteration  90: Energy = -16.5293, Magnetization = 0.4489
[Rank 55] Iteration 100: Energy = -14.4558, Magnetization = 0.4899
[Rank 55] Iteration 110: Energy = -12.9575, Magnetization = 0.4919
[Rank 55] Iteration 120: Energy = -10.7448, Magnetization = 0.4947
[Rank 55] Iteration 130: Energy = -10.0418, Magnetization = 0.4969
[Rank 55] Iteration 140: Energy = -9.4639, Magnetization = -0.4961
[Rank 55] Iteration 150: Energy = -8.9752, Magnetization = -0.4985
[Rank 55] Iteration 160: Energy = -8.4026, Magnetization = 0.5000
[Rank 55] Iteration 170: Energy = -8.7802, Magnetization = -0.4987
[Rank 55] Iteration 180: Energy = -8.1780, Magnetization = 0.5000
[Rank 55] Iteration 190: Energy = -8.1160, Magnetization = 0.5000
[Rank 45] Iteration   0: Energy = -20.4580, Magnetization = -0.0314
[Rank 45] Iteration  10: Energy = -19.9850, Magnetization = -0.0343
[Rank 45] Iteration  20: Energy = -20.1293, Magnetization = -0.0086
[Rank 45] Iteration  30: Energy = -20.0179, Magnetization = -0.0416
[Rank 45] Iteration  40: Energy = -19.7521, Magnetization = -0.0825
[Rank 45] Iteration  50: Energy = -20.0216, Magnetization = -0.1030
[Rank 45] Iteration  60: Energy = -20.7102, Magnetization = -0.1544
[Rank 45] Iteration  70: Energy = -20.1792, Magnetization = -0.1752
[Rank 45] Iteration  80: Energy = -19.9402, Magnetization = -0.2892
[Rank 45] Iteration  90: Energy = -20.1733, Magnetization = -0.3162
[Rank 45] Iteration 100: Energy = -19.0197, Magnetization = -0.3440
[Rank 45] Iteration 110: Energy = -18.0704, Magnetization = -0.3688
[Rank 45] Iteration 120: Energy = -16.8351, Magnetization = -0.3866
[Rank 45] Iteration 130: Energy = -14.9571, Magnetization = -0.3977
[Rank 45] Iteration 140: Energy = -14.3429, Magnetization = -0.3960
[Rank 45] Iteration 150: Energy = -13.6726, Magnetization = -0.4040
[Rank 45] Iteration 160: Energy = -12.5574, Magnetization = -0.4004
[Rank 45] Iteration 170: Energy = -13.4719, Magnetization = -0.3968
[Rank 45] Iteration 180: Energy = -12.4311, Magnetization = 0.4000
[Rank 45] Iteration 190: Energy = -12.3059, Magnetization = 0.4000
[Rank  5] Iteration   0: Energy = -19.9151, Magnetization = -0.0067
[Rank  5] Iteration  10: Energy = -20.4149, Magnetization = 0.0050
[Rank  5] Iteration  20: Energy = -20.2000, Magnetization = -0.0098
[Rank  5] Iteration  30: Energy = -20.0650, Magnetization = 0.0105
[Rank  5] Iteration  40: Energy = -19.4542, Magnetization = 0.0208
[Rank  5] Iteration  50: Energy = -19.9594, Magnetization = 0.0114
[Rank  5] Iteration  60: Energy = -19.8091, Magnetization = -0.0051
[Rank  5] Iteration  70: Energy = -19.7968, Magnetization = -0.0270
[Rank  5] Iteration  80: Energy = -18.7248, Magnetization = -0.0671
[Rank  5] Iteration  90: Energy = -16.2365, Magnetization = -0.0788
[Rank  5] Iteration 100: Energy = -14.2327, Magnetization = -0.0908
[Rank  5] Iteration 110: Energy = -11.0672, Magnetization = 0.0456
[Rank  5] Iteration 120: Energy = -10.0619, Magnetization = 0.0535
[Rank  5] Iteration 130: Energy = -8.6903, Magnetization = -0.0882
[Rank  5] Iteration 140: Energy = -6.8978, Magnetization = 0.0765
[Rank  5] Iteration 150: Energy = -6.5274, Magnetization = 0.0826
[Rank  5] Iteration 160: Energy = -5.0298, Magnetization = -0.1001
[Rank  5] Iteration 170: Energy = -4.9873, Magnetization = -0.0967
[Rank  5] Iteration 180: Energy = -5.3902, Magnetization = -0.0998
[Rank  5] Iteration 190: Energy = -4.3191, Magnetization = -0.1000
[Rank 31] Iteration   0: Energy = -20.2667, Magnetization = 0.0313
[Rank 31] Iteration  10: Energy = -19.2218, Magnetization = 0.0203
[Rank 31] Iteration  20: Energy = -20.2297, Magnetization = -0.0164
[Rank 31] Iteration  30: Energy = -20.3623, Magnetization = 0.0440
[Rank 31] Iteration  40: Energy = -20.4620, Magnetization = 0.1181
[Rank 31] Iteration  50: Energy = -20.0830, Magnetization = 0.1054
[Rank 31] Iteration  60: Energy = -20.5519, Magnetization = 0.2016
[Rank 31] Iteration  70: Energy = -19.6266, Magnetization = 0.2199
[Rank 31] Iteration  80: Energy = -18.3394, Magnetization = 0.3709
[Rank 31] Iteration  90: Energy = -16.5703, Magnetization = 0.5815
[Rank 31] Iteration 100: Energy = -15.7142, Magnetization = 0.6364
[Rank 31] Iteration 110: Energy = -14.1278, Magnetization = 0.6718
[Rank 31] Iteration 120: Energy = -11.9152, Magnetization = 0.6896
[Rank 31] Iteration 130: Energy = -9.8743, Magnetization = 0.6925
[Rank 31] Iteration 140: Energy = -9.7820, Magnetization = 0.6993
[Rank 31] Iteration 150: Energy = -9.4590, Magnetization = -0.6959
[Rank 31] Iteration 160: Energy = -8.4631, Magnetization = 0.6997
[Rank 31] Iteration 170: Energy = -9.7971, Magnetization = -0.6935
[Rank 31] Iteration 180: Energy = -8.1767, Magnetization = 0.7000
[Rank 31] Iteration 190: Energy = -8.2471, Magnetization = 0.7003
[Rank 39] Iteration   0: Energy = -19.6260, Magnetization = -0.0067
[Rank 39] Iteration  10: Energy = -20.0097, Magnetization = 0.0143
[Rank 39] Iteration  20: Energy = -20.1584, Magnetization = 0.0138
[Rank 39] Iteration  30: Energy = -19.6398, Magnetization = 0.0524
[Rank 39] Iteration  40: Energy = -20.0360, Magnetization = 0.0725
[Rank 39] Iteration  50: Energy = -19.9380, Magnetization = 0.0971
[Rank 39] Iteration  60: Energy = -20.6252, Magnetization = 0.2121
[Rank 39] Iteration  70: Energy = -19.3277, Magnetization = 0.2443
[Rank 39] Iteration  80: Energy = -18.8278, Magnetization = 0.3772
[Rank 39] Iteration  90: Energy = -14.4655, Magnetization = 0.4610
[Rank 39] Iteration 100: Energy = -12.3508, Magnetization = 0.5042
[Rank 39] Iteration 110: Energy = -9.2484, Magnetization = 0.4957
[Rank 39] Iteration 120: Energy = -7.3139, Magnetization = 0.5031
[Rank 39] Iteration 130: Energy = -5.9239, Magnetization = 0.5048
[Rank 39] Iteration 140: Energy = -5.9848, Magnetization = 0.5051
[Rank 39] Iteration 150: Energy = -5.3660, Magnetization = 0.5030
[Rank 39] Iteration 160: Energy = -4.3229, Magnetization = 0.5000
[Rank 39] Iteration 170: Energy = -4.2087, Magnetization = 0.5000
[Rank 39] Iteration 180: Energy = -4.1341, Magnetization = 0.5000
[Rank 39] Iteration 190: Energy = -4.0856, Magnetization = 0.5000
[Rank 41] Iteration   0: Energy = -19.7236, Magnetization = -0.0121
[Rank 41] Iteration  10: Energy = -19.8439, Magnetization = 0.0140
[Rank 41] Iteration  20: Energy = -20.0513, Magnetization = 0.0084
[Rank 41] Iteration  30: Energy = -19.8003, Magnetization = -0.0148
[Rank 41] Iteration  40: Energy = -20.2789, Magnetization = -0.0979
[Rank 41] Iteration  50: Energy = -20.1358, Magnetization = -0.0692
[Rank 41] Iteration  60: Energy = -19.8178, Magnetization = -0.1483
[Rank 41] Iteration  70: Energy = -19.4583, Magnetization = -0.3034
[Rank 41] Iteration  80: Energy = -18.0909, Magnetization = -0.4671
[Rank 41] Iteration  90: Energy = -15.4319, Magnetization = -0.5810
[Rank 41] Iteration 100: Energy = -13.4486, Magnetization = -0.6528
[Rank 41] Iteration 110: Energy = -11.8715, Magnetization = -0.6928
[Rank 41] Iteration 120: Energy = -10.3074, Magnetization = -0.7011
[Rank 41] Iteration 130: Energy = -9.3927, Magnetization = -0.7014
[Rank 41] Iteration 140: Energy = -9.3749, Magnetization = -0.7006
[Rank 41] Iteration 150: Energy = -8.6822, Magnetization = -0.6993
[Rank 41] Iteration 160: Energy = -8.2616, Magnetization = -0.7000
[Rank 41] Iteration 170: Energy = -8.1661, Magnetization = -0.7000
[Rank 41] Iteration 180: Energy = -8.1047, Magnetization = -0.7000
[Rank 41] Iteration 190: Energy = -8.0655, Magnetization = -0.7000
[Rank  7] Iteration   0: Energy = -20.3191, Magnetization = -0.0264
[Rank  7] Iteration  10: Energy = -19.3800, Magnetization = -0.0345
[Rank  7] Iteration  20: Energy = -20.2198, Magnetization = -0.0228
[Rank  7] Iteration  30: Energy = -20.3238, Magnetization = -0.0499
[Rank  7] Iteration  40: Energy = -19.7392, Magnetization = -0.0635
[Rank  7] Iteration  50: Energy = -20.0941, Magnetization = -0.0898
[Rank  7] Iteration  60: Energy = -20.3993, Magnetization = -0.1625
[Rank  7] Iteration  70: Energy = -19.7118, Magnetization = -0.1485
[Rank  7] Iteration  80: Energy = -16.5638, Magnetization = -0.2621
[Rank  7] Iteration  90: Energy = -9.4540, Magnetization = -0.2186
[Rank  7] Iteration 100: Energy = -4.9950, Magnetization = 0.1002
[Rank  7] Iteration 110: Energy = -2.1324, Magnetization = -0.2041
[Rank  7] Iteration 120: Energy = -3.0009, Magnetization = -0.2260
[Rank  7] Iteration 130: Energy = -2.6306, Magnetization = -0.2374
[Rank  7] Iteration 140: Energy = -1.5508, Magnetization = -0.2447
[Rank  7] Iteration 150: Energy = -1.9441, Magnetization = -0.2646
[Rank  7] Iteration 160: Energy = -1.1617, Magnetization = -0.2837
[Rank  7] Iteration 170: Energy = -0.8816, Magnetization = -0.2979
[Rank  7] Iteration 180: Energy = -0.4516, Magnetization = -0.2992
[Rank  7] Iteration 190: Energy = -0.3710, Magnetization = -0.2986
[Rank 25] Iteration   0: Energy = -20.7903, Magnetization = 0.0045
[Rank 25] Iteration  10: Energy = -20.3773, Magnetization = 0.0107
[Rank 25] Iteration  20: Energy = -20.0892, Magnetization = -0.0072
[Rank 25] Iteration  30: Energy = -20.0709, Magnetization = 0.0363
[Rank 25] Iteration  40: Energy = -19.7532, Magnetization = 0.0598
[Rank 25] Iteration  50: Energy = -20.3133, Magnetization = 0.0854
[Rank 25] Iteration  60: Energy = -21.0022, Magnetization = 0.1533
[Rank 25] Iteration  70: Energy = -20.3905, Magnetization = 0.1862
[Rank 25] Iteration  80: Energy = -20.0439, Magnetization = 0.2905
[Rank 25] Iteration  90: Energy = -19.8863, Magnetization = 0.4598
[Rank 25] Iteration 100: Energy = -18.0812, Magnetization = 0.5649
[Rank 25] Iteration 110: Energy = -16.1632, Magnetization = 0.6392
[Rank 25] Iteration 120: Energy = -15.4535, Magnetization = 0.6696
[Rank 25] Iteration 130: Energy = -14.0170, Magnetization = 0.6814
[Rank 25] Iteration 140: Energy = -14.4874, Magnetization = -0.6706
[Rank 25] Iteration 150: Energy = -13.7571, Magnetization = 0.6964
[Rank 25] Iteration 160: Energy = -12.7641, Magnetization = 0.6950
[Rank 25] Iteration 170: Energy = -12.2572, Magnetization = 0.7000
[Rank 25] Iteration 180: Energy = -12.1603, Magnetization = 0.7000
[Rank 25] Iteration 190: Energy = -12.0992, Magnetization = 0.7000
[Rank 33] Iteration   0: Energy = -20.2825, Magnetization = 0.0316
[Rank 33] Iteration  10: Energy = -20.0809, Magnetization = 0.0059
[Rank 33] Iteration  20: Energy = -19.9498, Magnetization = 0.0141
[Rank 33] Iteration  30: Energy = -19.7978, Magnetization = -0.0083
[Rank 33] Iteration  40: Energy = -19.2312, Magnetization = 0.0198
[Rank 33] Iteration  50: Energy = -19.7128, Magnetization = 0.0484
[Rank 33] Iteration  60: Energy = -19.1352, Magnetization = 0.0947
[Rank 33] Iteration  70: Energy = -19.1734, Magnetization = 0.0906
[Rank 33] Iteration  80: Energy = -18.3445, Magnetization = 0.1298
[Rank 33] Iteration  90: Energy = -15.5098, Magnetization = 0.1670
[Rank 33] Iteration 100: Energy = -11.4231, Magnetization = 0.2123
[Rank 33] Iteration 110: Energy = -8.9046, Magnetization = 0.2645
[Rank 33] Iteration 120: Energy = -7.7323, Magnetization = 0.2680
[Rank 33] Iteration 130: Energy = -7.4821, Magnetization = 0.2880
[Rank 33] Iteration 140: Energy = -6.7140, Magnetization = 0.2912
[Rank 33] Iteration 150: Energy = -5.1899, Magnetization = 0.2994
[Rank 33] Iteration 160: Energy = -4.7779, Magnetization = 0.2980
[Rank 33] Iteration 170: Energy = -4.2296, Magnetization = 0.3000
[Rank 33] Iteration 180: Energy = -4.1449, Magnetization = 0.3000
[Rank 33] Iteration 190: Energy = -4.0909, Magnetization = 0.3000
[Rank 21] Iteration   0: Energy = -19.9279, Magnetization = 0.0010
[Rank 21] Iteration  10: Energy = -20.1240, Magnetization = -0.0099
[Rank 21] Iteration  20: Energy = -19.6170, Magnetization = -0.0326
[Rank 21] Iteration  30: Energy = -20.1626, Magnetization = 0.0179
[Rank 21] Iteration  40: Energy = -20.4373, Magnetization = -0.0599
[Rank 21] Iteration  50: Energy = -20.0608, Magnetization = -0.0713
[Rank 21] Iteration  60: Energy = -19.6529, Magnetization = -0.1107
[Rank 21] Iteration  70: Energy = -19.5407, Magnetization = -0.1872
[Rank 21] Iteration  80: Energy = -19.8690, Magnetization = -0.1937
[Rank 21] Iteration  90: Energy = -18.3959, Magnetization = -0.3392
[Rank 21] Iteration 100: Energy = -16.1194, Magnetization = -0.3594
[Rank 21] Iteration 110: Energy = -13.6343, Magnetization = -0.3819
[Rank 21] Iteration 120: Energy = -11.6238, Magnetization = -0.3991
[Rank 21] Iteration 130: Energy = -11.8442, Magnetization = -0.4039
[Rank 21] Iteration 140: Energy = -9.7894, Magnetization = -0.4000
[Rank 21] Iteration 150: Energy = -8.8022, Magnetization = -0.4003
[Rank 21] Iteration 160: Energy = -8.8730, Magnetization = -0.4012
[Rank 21] Iteration 170: Energy = -8.3542, Magnetization = -0.3998
[Rank 21] Iteration 180: Energy = -8.1646, Magnetization = -0.4000
[Rank 21] Iteration 190: Energy = -8.1047, Magnetization = -0.4000
[Rank 34] Iteration   0: Energy = -19.9108, Magnetization = -0.0322
[Rank 34] Iteration  10: Energy = -20.2512, Magnetization = 0.0035
[Rank 34] Iteration  20: Energy = -19.9304, Magnetization = -0.0219
[Rank 34] Iteration  30: Energy = -19.7555, Magnetization = -0.0260
[Rank 34] Iteration  40: Energy = -19.8597, Magnetization = -0.0435
[Rank 34] Iteration  50: Energy = -20.0330, Magnetization = -0.0910
[Rank 34] Iteration  60: Energy = -19.9177, Magnetization = -0.1503
[Rank 34] Iteration  70: Energy = -20.3180, Magnetization = -0.2259
[Rank 34] Iteration  80: Energy = -18.7917, Magnetization = -0.3102
[Rank 34] Iteration  90: Energy = -17.1463, Magnetization = -0.5017
[Rank 34] Iteration 100: Energy = -16.3825, Magnetization = -0.5952
[Rank 34] Iteration 110: Energy = -13.0676, Magnetization = -0.6554
[Rank 34] Iteration 120: Energy = -13.2133, Magnetization = -0.6688
[Rank 34] Iteration 130: Energy = -10.4849, Magnetization = -0.6863
[Rank 34] Iteration 140: Energy = -9.9008, Magnetization = -0.6956
[Rank 34] Iteration 150: Energy = -8.5613, Magnetization = -0.6997
[Rank 34] Iteration 160: Energy = -8.3389, Magnetization = -0.6998
[Rank 34] Iteration 170: Energy = -8.3423, Magnetization = -0.6994
[Rank 34] Iteration 180: Energy = -8.1238, Magnetization = -0.7000
[Rank 34] Iteration 190: Energy = -8.0768, Magnetization = -0.7000
[Rank 54] Iteration   0: Energy = -19.5761, Magnetization = 0.0268
[Rank 54] Iteration  10: Energy = -20.2179, Magnetization = 0.0180
[Rank 54] Iteration  20: Energy = -20.1706, Magnetization = 0.0366
[Rank 54] Iteration  30: Energy = -20.4093, Magnetization = 0.1160
[Rank 54] Iteration  40: Energy = -20.0805, Magnetization = 0.0721
[Rank 54] Iteration  50: Energy = -20.6594, Magnetization = 0.1948
[Rank 54] Iteration  60: Energy = -20.5613, Magnetization = 0.1765
[Rank 54] Iteration  70: Energy = -21.1554, Magnetization = 0.3545
[Rank 54] Iteration  80: Energy = -20.4341, Magnetization = 0.5063
[Rank 54] Iteration  90: Energy = -17.8918, Magnetization = 0.6729
[Rank 54] Iteration 100: Energy = -16.5557, Magnetization = 0.5529
[Rank 54] Iteration 110: Energy = -12.9924, Magnetization = 0.6976
[Rank 54] Iteration 120: Energy = -12.2063, Magnetization = -0.6689
[Rank 54] Iteration 130: Energy = -9.7606, Magnetization = 0.7041
[Rank 54] Iteration 140: Energy = -9.9255, Magnetization = -0.6965
[Rank 54] Iteration 150: Energy = -10.4867, Magnetization = -0.6932
[Rank 54] Iteration 160: Energy = -9.6151, Magnetization = -0.6942
[Rank 54] Iteration 170: Energy = -9.7134, Magnetization = -0.7012
[Rank 54] Iteration 180: Energy = -8.5387, Magnetization = 0.7012
[Rank 54] Iteration 190: Energy = -8.7118, Magnetization = -0.6986
[Rank  2] Iteration   0: Energy = -19.8219, Magnetization = 0.0210
[Rank  2] Iteration  10: Energy = -20.0946, Magnetization = -0.0591
[Rank  2] Iteration  20: Energy = -20.4648, Magnetization = 0.0210
[Rank  2] Iteration  30: Energy = -19.8404, Magnetization = -0.0151
[Rank  2] Iteration  40: Energy = -20.2274, Magnetization = -0.0078
[Rank  2] Iteration  50: Energy = -20.3381, Magnetization = -0.0583
[Rank  2] Iteration  60: Energy = -20.3273, Magnetization = -0.0946
[Rank  2] Iteration  70: Energy = -19.9922, Magnetization = -0.2270
[Rank  2] Iteration  80: Energy = -19.2203, Magnetization = -0.4151
[Rank  2] Iteration  90: Energy = -18.2686, Magnetization = -0.6164
[Rank  2] Iteration 100: Energy = -17.0442, Magnetization = -0.6499
[Rank  2] Iteration 110: Energy = -13.2051, Magnetization = 0.5590
[Rank  2] Iteration 120: Energy = -12.7647, Magnetization = 0.6380
[Rank  2] Iteration 130: Energy = -12.4684, Magnetization = 0.6443
[Rank  2] Iteration 140: Energy = -11.9473, Magnetization = 0.6585
[Rank  2] Iteration 150: Energy = -11.5452, Magnetization = 0.6525
[Rank  2] Iteration 160: Energy = -11.3453, Magnetization = 0.6625
[Rank  2] Iteration 170: Energy = -11.0292, Magnetization = 0.6677
[Rank  2] Iteration 180: Energy = -11.8445, Magnetization = 0.6511
[Rank  2] Iteration 190: Energy = -11.3281, Magnetization = 0.6798
[Rank 29] Iteration   0: Energy = -20.5716, Magnetization = 0.0135
[Rank 29] Iteration  10: Energy = -20.2574, Magnetization = 0.0167
[Rank 29] Iteration  20: Energy = -19.8580, Magnetization = 0.0422
[Rank 29] Iteration  30: Energy = -19.8682, Magnetization = 0.0081
[Rank 29] Iteration  40: Energy = -20.1787, Magnetization = 0.0604
[Rank 29] Iteration  50: Energy = -19.5290, Magnetization = 0.0574
[Rank 29] Iteration  60: Energy = -19.2189, Magnetization = 0.1488
[Rank 29] Iteration  70: Energy = -19.5355, Magnetization = 0.1363
[Rank 29] Iteration  80: Energy = -18.9206, Magnetization = 0.1738
[Rank 29] Iteration  90: Energy = -15.7122, Magnetization = 0.2038
[Rank 29] Iteration 100: Energy = -14.4198, Magnetization = 0.1989
[Rank 29] Iteration 110: Energy = -9.9079, Magnetization = 0.1627
[Rank 29] Iteration 120: Energy = -7.3267, Magnetization = 0.0950
[Rank 29] Iteration 130: Energy = -4.3932, Magnetization = 0.0071
[Rank 29] Iteration 140: Energy = -4.1704, Magnetization = 0.0865
[Rank 29] Iteration 150: Energy = -3.1118, Magnetization = -0.0614
[Rank 29] Iteration 160: Energy = -2.7171, Magnetization = 0.1069
[Rank 29] Iteration 170: Energy = -1.6237, Magnetization = 0.0994
[Rank 29] Iteration 180: Energy = -1.2233, Magnetization = 0.0996
[Rank 29] Iteration 190: Energy = -0.5925, Magnetization = -0.0986
[Rank 17] Iteration   0: Energy = -20.0665, Magnetization = 0.0049
[Rank 17] Iteration  10: Energy = -19.9231, Magnetization = 0.0029
[Rank 17] Iteration  20: Energy = -19.3409, Magnetization = 0.0082
[Rank 17] Iteration  30: Energy = -20.1193, Magnetization = 0.0270
[Rank 17] Iteration  40: Energy = -20.0937, Magnetization = 0.0263
[Rank 17] Iteration  50: Energy = -20.3784, Magnetization = 0.0709
[Rank 17] Iteration  60: Energy = -20.1898, Magnetization = 0.0809
[Rank 17] Iteration  70: Energy = -20.7493, Magnetization = 0.1284
[Rank 17] Iteration  80: Energy = -20.1490, Magnetization = 0.2795
[Rank 17] Iteration  90: Energy = -20.4500, Magnetization = 0.4634
[Rank 17] Iteration 100: Energy = -18.7107, Magnetization = 0.5466
[Rank 17] Iteration 110: Energy = -17.8607, Magnetization = 0.5804
[Rank 17] Iteration 120: Energy = -15.5419, Magnetization = 0.5982
[Rank 17] Iteration 130: Energy = -13.8725, Magnetization = 0.5974
[Rank 17] Iteration 140: Energy = -13.4692, Magnetization = 0.5966
[Rank 17] Iteration 150: Energy = -13.5727, Magnetization = 0.5982
[Rank 17] Iteration 160: Energy = -14.7412, Magnetization = 0.5978
[Rank 17] Iteration 170: Energy = -12.2167, Magnetization = 0.6000
[Rank 17] Iteration 180: Energy = -12.1372, Magnetization = 0.6000
[Rank 17] Iteration 190: Energy = -12.0863, Magnetization = 0.6000
[Rank 35] Iteration   0: Energy = -19.6460, Magnetization = 0.0082
[Rank 35] Iteration  10: Energy = -19.8674, Magnetization = 0.0105
[Rank 35] Iteration  20: Energy = -20.2374, Magnetization = 0.0197
[Rank 35] Iteration  30: Energy = -19.7478, Magnetization = 0.0587
[Rank 35] Iteration  40: Energy = -19.6056, Magnetization = 0.0776
[Rank 35] Iteration  50: Energy = -19.9581, Magnetization = 0.1323
[Rank 35] Iteration  60: Energy = -20.4349, Magnetization = 0.1484
[Rank 35] Iteration  70: Energy = -20.0592, Magnetization = 0.2086
[Rank 35] Iteration  80: Energy = -19.4883, Magnetization = 0.3354
[Rank 35] Iteration  90: Energy = -18.6128, Magnetization = 0.4365
[Rank 35] Iteration 100: Energy = -16.3365, Magnetization = 0.4877
[Rank 35] Iteration 110: Energy = -13.9574, Magnetization = 0.4859
[Rank 35] Iteration 120: Energy = -11.7703, Magnetization = 0.5038
[Rank 35] Iteration 130: Energy = -10.6295, Magnetization = 0.5060
[Rank 35] Iteration 140: Energy = -11.6592, Magnetization = -0.4652
[Rank 35] Iteration 150: Energy = -9.1785, Magnetization = 0.5001
[Rank 35] Iteration 160: Energy = -9.1084, Magnetization = 0.4995
[Rank 35] Iteration 170: Energy = -8.3386, Magnetization = 0.5000
[Rank 35] Iteration 180: Energy = -8.4809, Magnetization = -0.4999
[Rank 35] Iteration 190: Energy = -8.1572, Magnetization = 0.5000
[Rank 11] Iteration   0: Energy = -20.0788, Magnetization = 0.0133
[Rank 11] Iteration  10: Energy = -20.3212, Magnetization = 0.0290
[Rank 11] Iteration  20: Energy = -20.4646, Magnetization = -0.0038
[Rank 11] Iteration  30: Energy = -20.4223, Magnetization = 0.0445
[Rank 11] Iteration  40: Energy = -19.2656, Magnetization = 0.0911
[Rank 11] Iteration  50: Energy = -20.5145, Magnetization = 0.1273
[Rank 11] Iteration  60: Energy = -20.2359, Magnetization = 0.1625
[Rank 11] Iteration  70: Energy = -20.0761, Magnetization = 0.3229
[Rank 11] Iteration  80: Energy = -20.8037, Magnetization = 0.6134
[Rank 11] Iteration  90: Energy = -21.8050, Magnetization = 0.7419
[Rank 11] Iteration 100: Energy = -20.3133, Magnetization = 0.8410
[Rank 11] Iteration 110: Energy = -18.9134, Magnetization = 0.8728
[Rank 11] Iteration 120: Energy = -19.1046, Magnetization = 0.8886
[Rank 11] Iteration 130: Energy = -17.2111, Magnetization = 0.8970
[Rank 11] Iteration 140: Energy = -16.6099, Magnetization = 0.9000
[Rank 11] Iteration 150: Energy = -17.9676, Magnetization = 0.8950
[Rank 11] Iteration 160: Energy = -16.8402, Magnetization = 0.8994
[Rank 11] Iteration 170: Energy = -16.1854, Magnetization = 0.9000
[Rank 11] Iteration 180: Energy = -16.1219, Magnetization = 0.9000
[Rank 11] Iteration 190: Energy = -16.0749, Magnetization = 0.9000
[Rank 49] Iteration   0: Energy = -20.1441, Magnetization = 0.0212
[Rank 49] Iteration  10: Energy = -20.1368, Magnetization = -0.0105
[Rank 49] Iteration  20: Energy = -19.3797, Magnetization = -0.0331
[Rank 49] Iteration  30: Energy = -19.7199, Magnetization = -0.0004
[Rank 49] Iteration  40: Energy = -20.3413, Magnetization = 0.0160
[Rank 49] Iteration  50: Energy = -20.0124, Magnetization = 0.0368
[Rank 49] Iteration  60: Energy = -20.0188, Magnetization = 0.1032
[Rank 49] Iteration  70: Energy = -19.4466, Magnetization = 0.1010
[Rank 49] Iteration  80: Energy = -18.4912, Magnetization = 0.1081
[Rank 49] Iteration  90: Energy = -15.8921, Magnetization = 0.1024
[Rank 49] Iteration 100: Energy = -10.0447, Magnetization = -0.0332
[Rank 49] Iteration 110: Energy = -8.8051, Magnetization = -0.0497
[Rank 49] Iteration 120: Energy = -6.9814, Magnetization = -0.0837
[Rank 49] Iteration 130: Energy = -6.2022, Magnetization = -0.0957
[Rank 49] Iteration 140: Energy = -5.2632, Magnetization = -0.0988
[Rank 49] Iteration 150: Energy = -4.5780, Magnetization = -0.0999
[Rank 49] Iteration 160: Energy = -4.5665, Magnetization = -0.1000
[Rank 49] Iteration 170: Energy = -4.6291, Magnetization = -0.1006
[Rank 49] Iteration 180: Energy = -4.1474, Magnetization = -0.1000
[Rank 49] Iteration 190: Energy = -4.2927, Magnetization = -0.1001
[Rank  3] Iteration   0: Energy = -19.8092, Magnetization = -0.0071
[Rank  3] Iteration  10: Energy = -19.9196, Magnetization = 0.0127
[Rank  3] Iteration  20: Energy = -19.8103, Magnetization = 0.0043
[Rank  3] Iteration  30: Energy = -19.8275, Magnetization = 0.0399
[Rank  3] Iteration  40: Energy = -19.8919, Magnetization = 0.0062
[Rank  3] Iteration  50: Energy = -20.0331, Magnetization = 0.0451
[Rank  3] Iteration  60: Energy = -19.9905, Magnetization = 0.0553
[Rank  3] Iteration  70: Energy = -19.5796, Magnetization = 0.0702
[Rank  3] Iteration  80: Energy = -18.4745, Magnetization = 0.1166
[Rank  3] Iteration  90: Energy = -14.2124, Magnetization = 0.1579
[Rank  3] Iteration 100: Energy = -12.1981, Magnetization = 0.2011
[Rank  3] Iteration 110: Energy = -10.0829, Magnetization = -0.0806
[Rank  3] Iteration 120: Energy = -8.4404, Magnetization = 0.1968
[Rank  3] Iteration 130: Energy = -8.5357, Magnetization = -0.1554
[Rank  3] Iteration 140: Energy = -6.7439, Magnetization = -0.1767
[Rank  3] Iteration 150: Energy = -5.5400, Magnetization = -0.1941
[Rank  3] Iteration 160: Energy = -5.1673, Magnetization = -0.1957
[Rank  3] Iteration 170: Energy = -4.6260, Magnetization = 0.2012
[Rank  3] Iteration 180: Energy = -4.2506, Magnetization = 0.2000
[Rank  3] Iteration 190: Energy = -4.1626, Magnetization = 0.2000
[Rank 42] Iteration   0: Energy = -19.9699, Magnetization = 0.0182
[Rank 42] Iteration  10: Energy = -20.0732, Magnetization = -0.0012
[Rank 42] Iteration  20: Energy = -20.1727, Magnetization = 0.0510
[Rank 42] Iteration  30: Energy = -20.0170, Magnetization = -0.0017
[Rank 42] Iteration  40: Energy = -19.8130, Magnetization = 0.0768
[Rank 42] Iteration  50: Energy = -20.0531, Magnetization = 0.1077
[Rank 42] Iteration  60: Energy = -20.2819, Magnetization = 0.1909
[Rank 42] Iteration  70: Energy = -20.6901, Magnetization = 0.2224
[Rank 42] Iteration  80: Energy = -20.8123, Magnetization = 0.4326
[Rank 42] Iteration  90: Energy = -20.5169, Magnetization = 0.6436
[Rank 42] Iteration 100: Energy = -18.6404, Magnetization = 0.6770
[Rank 42] Iteration 110: Energy = -15.6570, Magnetization = 0.7163
[Rank 42] Iteration 120: Energy = -12.4037, Magnetization = 0.7100
[Rank 42] Iteration 130: Energy = -12.4764, Magnetization = -0.6760
[Rank 42] Iteration 140: Energy = -10.2161, Magnetization = 0.7061
[Rank 42] Iteration 150: Energy = -9.1780, Magnetization = 0.7025
[Rank 42] Iteration 160: Energy = -8.7541, Magnetization = 0.7016
[Rank 42] Iteration 170: Energy = -9.4750, Magnetization = -0.6943
[Rank 42] Iteration 180: Energy = -8.2703, Magnetization = 0.7000
[Rank 42] Iteration 190: Energy = -8.1880, Magnetization = 0.7000
[Rank 53] Iteration   0: Energy = -20.4518, Magnetization = 0.0130
[Rank 53] Iteration  10: Energy = -20.6226, Magnetization = 0.0381
[Rank 53] Iteration  20: Energy = -20.8496, Magnetization = 0.0548
[Rank 53] Iteration  30: Energy = -20.1327, Magnetization = 0.0494
[Rank 53] Iteration  40: Energy = -19.9083, Magnetization = 0.0655
[Rank 53] Iteration  50: Energy = -20.3657, Magnetization = 0.1620
[Rank 53] Iteration  60: Energy = -21.0275, Magnetization = 0.1546
[Rank 53] Iteration  70: Energy = -21.0519, Magnetization = 0.2669
[Rank 53] Iteration  80: Energy = -21.9292, Magnetization = 0.4890
[Rank 53] Iteration  90: Energy = -23.3851, Magnetization = 0.7809
[Rank 53] Iteration 100: Energy = -23.1752, Magnetization = 0.8898
[Rank 53] Iteration 110: Energy = -22.5740, Magnetization = 0.9621
[Rank 53] Iteration 120: Energy = -22.6513, Magnetization = 0.9764
[Rank 53] Iteration 130: Energy = -22.6545, Magnetization = 0.9878
[Rank 53] Iteration 140: Energy = -22.5891, Magnetization = -0.9743
[Rank 53] Iteration 150: Energy = -20.4830, Magnetization = 1.0000
[Rank 53] Iteration 160: Energy = -20.3289, Magnetization = 1.0000
[Rank 53] Iteration 170: Energy = -21.5424, Magnetization = 0.9960
[Rank 53] Iteration 180: Energy = -20.1451, Magnetization = 1.0000
[Rank 53] Iteration 190: Energy = -20.4287, Magnetization = -0.9995
[Rank 52] Iteration   0: Energy = -20.0037, Magnetization = -0.0015
[Rank 52] Iteration  10: Energy = -20.6406, Magnetization = -0.0061
[Rank 52] Iteration  20: Energy = -19.7049, Magnetization = 0.0180
[Rank 52] Iteration  30: Energy = -20.2905, Magnetization = 0.0193
[Rank 52] Iteration  40: Energy = -20.4261, Magnetization = 0.0193
[Rank 52] Iteration  50: Energy = -19.6321, Magnetization = 0.0676
[Rank 52] Iteration  60: Energy = -20.0210, Magnetization = 0.0812
[Rank 52] Iteration  70: Energy = -19.0412, Magnetization = 0.1380
[Rank 52] Iteration  80: Energy = -20.2535, Magnetization = 0.2876
[Rank 52] Iteration  90: Energy = -16.3575, Magnetization = 0.4095
[Rank 52] Iteration 100: Energy = -13.5736, Magnetization = 0.5030
[Rank 52] Iteration 110: Energy = -11.6526, Magnetization = -0.4372
[Rank 52] Iteration 120: Energy = -11.1988, Magnetization = -0.4970
[Rank 52] Iteration 130: Energy = -10.0194, Magnetization = -0.5095
[Rank 52] Iteration 140: Energy = -9.4922, Magnetization = -0.5272
[Rank 52] Iteration 150: Energy = -10.2936, Magnetization = -0.5268
[Rank 52] Iteration 160: Energy = -9.4446, Magnetization = -0.5335
[Rank 52] Iteration 170: Energy = -10.3131, Magnetization = -0.5337
[Rank 52] Iteration 180: Energy = -9.4480, Magnetization = -0.5581
[Rank 52] Iteration 190: Energy = -9.7452, Magnetization = -0.5654
[Rank  9] Iteration   0: Energy = -19.7052, Magnetization = -0.0322
[Rank  9] Iteration  10: Energy = -20.0437, Magnetization = 0.0577
[Rank  9] Iteration  20: Energy = -20.0203, Magnetization = 0.0038
[Rank  9] Iteration  30: Energy = -19.8410, Magnetization = 0.0138
[Rank  9] Iteration  40: Energy = -20.0789, Magnetization = 0.0048
[Rank  9] Iteration  50: Energy = -20.3202, Magnetization = -0.0006
[Rank  9] Iteration  60: Energy = -19.8341, Magnetization = -0.0139
[Rank  9] Iteration  70: Energy = -19.3833, Magnetization = 0.0777
[Rank  9] Iteration  80: Energy = -18.2818, Magnetization = 0.0552
[Rank  9] Iteration  90: Energy = -15.8131, Magnetization = 0.1157
[Rank  9] Iteration 100: Energy = -12.8071, Magnetization = 0.1188
[Rank  9] Iteration 110: Energy = -13.4676, Magnetization = 0.1190
[Rank  9] Iteration 120: Energy = -12.3435, Magnetization = 0.1106
[Rank  9] Iteration 130: Energy = -11.0299, Magnetization = 0.1042
[Rank  9] Iteration 140: Energy = -10.4229, Magnetization = 0.1033
[Rank  9] Iteration 150: Energy = -10.3013, Magnetization = 0.1008
[Rank  9] Iteration 160: Energy = -8.5773, Magnetization = 0.1014
[Rank  9] Iteration 170: Energy = -8.2792, Magnetization = 0.1000
[Rank  9] Iteration 180: Energy = -8.1800, Magnetization = 0.1000
[Rank  9] Iteration 190: Energy = -9.3410, Magnetization = 0.1009
[Rank 27] Iteration   0: Energy = -19.7205, Magnetization = -0.0436
[Rank 27] Iteration  10: Energy = -20.4707, Magnetization = -0.0033
[Rank 27] Iteration  20: Energy = -19.3384, Magnetization = -0.0351
[Rank 27] Iteration  30: Energy = -20.3548, Magnetization = -0.0538
[Rank 27] Iteration  40: Energy = -20.1473, Magnetization = -0.0628
[Rank 27] Iteration  50: Energy = -20.4382, Magnetization = -0.1145
[Rank 27] Iteration  60: Energy = -19.6974, Magnetization = -0.1596
[Rank 27] Iteration  70: Energy = -20.4858, Magnetization = -0.2375
[Rank 27] Iteration  80: Energy = -20.2572, Magnetization = -0.4091
[Rank 27] Iteration  90: Energy = -22.6707, Magnetization = -0.6547
[Rank 27] Iteration 100: Energy = -23.0090, Magnetization = -0.8025
[Rank 27] Iteration 110: Energy = -22.0645, Magnetization = -0.8657
[Rank 27] Iteration 120: Energy = -19.8202, Magnetization = -0.8956
[Rank 27] Iteration 130: Energy = -19.8460, Magnetization = -0.8911
[Rank 27] Iteration 140: Energy = -18.6361, Magnetization = -0.8960
[Rank 27] Iteration 150: Energy = -17.3584, Magnetization = -0.8973
[Rank 27] Iteration 160: Energy = -17.0387, Magnetization = -0.8990
[Rank 27] Iteration 170: Energy = -16.2169, Magnetization = -0.9000
[Rank 27] Iteration 180: Energy = -16.1355, Magnetization = -0.9000
[Rank 27] Iteration 190: Energy = -16.0840, Magnetization = -0.9000
[Rank 13] Iteration   0: Energy = -20.2471, Magnetization = 0.0101
[Rank 13] Iteration  10: Energy = -19.6221, Magnetization = -0.0207
[Rank 13] Iteration  20: Energy = -20.1698, Magnetization = -0.0144
[Rank 13] Iteration  30: Energy = -20.0131, Magnetization = -0.0348
[Rank 13] Iteration  40: Energy = -20.2361, Magnetization = -0.0571
[Rank 13] Iteration  50: Energy = -19.8264, Magnetization = -0.1237
[Rank 13] Iteration  60: Energy = -19.5949, Magnetization = -0.1702
[Rank 13] Iteration  70: Energy = -18.4563, Magnetization = -0.2980
[Rank 13] Iteration  80: Energy = -18.7300, Magnetization = -0.5038
[Rank 13] Iteration  90: Energy = -14.8121, Magnetization = -0.5771
[Rank 13] Iteration 100: Energy = -13.7363, Magnetization = -0.2970
[Rank 13] Iteration 110: Energy = -12.9573, Magnetization = 0.5829
[Rank 13] Iteration 120: Energy = -12.5076, Magnetization = 0.5956
[Rank 13] Iteration 130: Energy = -10.4500, Magnetization = -0.6791
[Rank 13] Iteration 140: Energy = -10.1477, Magnetization = -0.6923
[Rank 13] Iteration 150: Energy = -11.0903, Magnetization = 0.6689
[Rank 13] Iteration 160: Energy = -10.3946, Magnetization = 0.6758
[Rank 13] Iteration 170: Energy = -9.7093, Magnetization = 0.6883
[Rank 13] Iteration 180: Energy = -9.9107, Magnetization = 0.6863
[Rank 13] Iteration 190: Energy = -9.1757, Magnetization = 0.6939
[Rank 26] Iteration   0: Energy = -20.5424, Magnetization = 0.0245
[Rank 26] Iteration  10: Energy = -20.2136, Magnetization = 0.0014
[Rank 26] Iteration  20: Energy = -19.3720, Magnetization = 0.0062
[Rank 26] Iteration  30: Energy = -20.2831, Magnetization = -0.0293
[Rank 26] Iteration  40: Energy = -19.7586, Magnetization = -0.0648
[Rank 26] Iteration  50: Energy = -19.8156, Magnetization = -0.0925
[Rank 26] Iteration  60: Energy = -20.1799, Magnetization = -0.1073
[Rank 26] Iteration  70: Energy = -19.9399, Magnetization = -0.1987
[Rank 26] Iteration  80: Energy = -20.2305, Magnetization = -0.2849
[Rank 26] Iteration  90: Energy = -21.5701, Magnetization = -0.5336
[Rank 26] Iteration 100: Energy = -21.0924, Magnetization = -0.6871
[Rank 26] Iteration 110: Energy = -19.1296, Magnetization = -0.7661
[Rank 26] Iteration 120: Energy = -16.9191, Magnetization = -0.7976
[Rank 26] Iteration 130: Energy = -15.1472, Magnetization = -0.8022
[Rank 26] Iteration 140: Energy = -14.0857, Magnetization = -0.8090
[Rank 26] Iteration 150: Energy = -12.6635, Magnetization = -0.8000
[Rank 26] Iteration 160: Energy = -14.3460, Magnetization = -0.7987
[Rank 26] Iteration 170: Energy = -12.4368, Magnetization = -0.8008
[Rank 26] Iteration 180: Energy = -12.1711, Magnetization = -0.8000
[Rank 26] Iteration 190: Energy = -12.1076, Magnetization = -0.8000
[Rank 19] Iteration   0: Energy = -20.0524, Magnetization = 0.0430
[Rank 19] Iteration  10: Energy = -19.7658, Magnetization = 0.0123
[Rank 19] Iteration  20: Energy = -20.2555, Magnetization = 0.0137
[Rank 19] Iteration  30: Energy = -20.2448, Magnetization = 0.0614
[Rank 19] Iteration  40: Energy = -20.3340, Magnetization = 0.0491
[Rank 19] Iteration  50: Energy = -20.4525, Magnetization = 0.1337
[Rank 19] Iteration  60: Energy = -19.7197, Magnetization = 0.1496
[Rank 19] Iteration  70: Energy = -19.6761, Magnetization = 0.3087
[Rank 19] Iteration  80: Energy = -20.0958, Magnetization = 0.5231
[Rank 19] Iteration  90: Energy = -20.2755, Magnetization = 0.6543
[Rank 19] Iteration 100: Energy = -20.2187, Magnetization = 0.7366
[Rank 19] Iteration 110: Energy = -20.0242, Magnetization = 0.7790
[Rank 19] Iteration 120: Energy = -17.6613, Magnetization = 0.7901
[Rank 19] Iteration 130: Energy = -17.1861, Magnetization = 0.7982
[Rank 19] Iteration 140: Energy = -16.6368, Magnetization = 0.7999
[Rank 19] Iteration 150: Energy = -17.7479, Magnetization = 0.7957
[Rank 19] Iteration 160: Energy = -16.2411, Magnetization = 0.8000
[Rank 19] Iteration 170: Energy = -16.1509, Magnetization = 0.8000
[Rank 19] Iteration 180: Energy = -16.0937, Magnetization = 0.8000
[Rank 19] Iteration 190: Energy = -16.0577, Magnetization = 0.8000
[Rank 18] Iteration   0: Energy = -20.6307, Magnetization = 0.0065
[Rank 18] Iteration  10: Energy = -19.6356, Magnetization = 0.0157
[Rank 18] Iteration  20: Energy = -19.7999, Magnetization = 0.0296
[Rank 18] Iteration  30: Energy = -20.0465, Magnetization = 0.0396
[Rank 18] Iteration  40: Energy = -19.9613, Magnetization = 0.0859
[Rank 18] Iteration  50: Energy = -20.2076, Magnetization = 0.1293
[Rank 18] Iteration  60: Energy = -20.6624, Magnetization = 0.1641
[Rank 18] Iteration  70: Energy = -21.0256, Magnetization = 0.3106
[Rank 18] Iteration  80: Energy = -21.2245, Magnetization = 0.5479
[Rank 18] Iteration  90: Energy = -19.3161, Magnetization = 0.7068
[Rank 18] Iteration 100: Energy = -18.6739, Magnetization = -0.6349
[Rank 18] Iteration 110: Energy = -17.4182, Magnetization = 0.7648
[Rank 18] Iteration 120: Energy = -17.0429, Magnetization = -0.7583
[Rank 18] Iteration 130: Energy = -15.3492, Magnetization = -0.7708
[Rank 18] Iteration 140: Energy = -15.0082, Magnetization = -0.7753
[Rank 18] Iteration 150: Energy = -14.6208, Magnetization = -0.7836
[Rank 18] Iteration 160: Energy = -14.1848, Magnetization = -0.7946
[Rank 18] Iteration 170: Energy = -15.7855, Magnetization = -0.7842
[Rank 18] Iteration 180: Energy = -13.9712, Magnetization = -0.7894
[Rank 18] Iteration 190: Energy = -13.9882, Magnetization = -0.7880
[Rank 15] Iteration   0: Energy = -19.7905, Magnetization = -0.0147
[Rank 15] Iteration  10: Energy = -19.9746, Magnetization = 0.0097
[Rank 15] Iteration  20: Energy = -19.6663, Magnetization = -0.0322
[Rank 15] Iteration  30: Energy = -19.3922, Magnetization = -0.0336
[Rank 15] Iteration  40: Energy = -19.7912, Magnetization = -0.0881
[Rank 15] Iteration  50: Energy = -19.9986, Magnetization = -0.0845
[Rank 15] Iteration  60: Energy = -20.4015, Magnetization = -0.1617
[Rank 15] Iteration  70: Energy = -19.6962, Magnetization = -0.2424
[Rank 15] Iteration  80: Energy = -16.5561, Magnetization = -0.4000
[Rank 15] Iteration  90: Energy = -13.1735, Magnetization = -0.5635
[Rank 15] Iteration 100: Energy = -10.6634, Magnetization = -0.5646
[Rank 15] Iteration 110: Energy = -8.8324, Magnetization = -0.6017
[Rank 15] Iteration 120: Energy = -6.1188, Magnetization = -0.5996
[Rank 15] Iteration 130: Energy = -6.8582, Magnetization = -0.6001
[Rank 15] Iteration 140: Energy = -5.4341, Magnetization = -0.6015
[Rank 15] Iteration 150: Energy = -4.5583, Magnetization = -0.6008
[Rank 15] Iteration 160: Energy = -5.7122, Magnetization = -0.6022
[Rank 15] Iteration 170: Energy = -4.1681, Magnetization = -0.6000
[Rank 15] Iteration 180: Energy = -4.1069, Magnetization = -0.6000
[Rank 15] Iteration 190: Energy = -4.0676, Magnetization = -0.6000
[Rank 14] Iteration   0: Energy = -20.1639, Magnetization = -0.0290
[Rank 14] Iteration  10: Energy = -19.3982, Magnetization = -0.0040
[Rank 14] Iteration  20: Energy = -20.6423, Magnetization = -0.0438
[Rank 14] Iteration  30: Energy = -20.3828, Magnetization = -0.0817
[Rank 14] Iteration  40: Energy = -20.4284, Magnetization = -0.1127
[Rank 14] Iteration  50: Energy = -19.8126, Magnetization = -0.1374
[Rank 14] Iteration  60: Energy = -19.8251, Magnetization = -0.1588
[Rank 14] Iteration  70: Energy = -19.3645, Magnetization = -0.1834
[Rank 14] Iteration  80: Energy = -19.1302, Magnetization = -0.2643
[Rank 14] Iteration  90: Energy = -18.4943, Magnetization = -0.3980
[Rank 14] Iteration 100: Energy = -15.8879, Magnetization = -0.4893
[Rank 14] Iteration 110: Energy = -12.1951, Magnetization = -0.5015
[Rank 14] Iteration 120: Energy = -9.3083, Magnetization = -0.5172
[Rank 14] Iteration 130: Energy = -8.1479, Magnetization = -0.5061
[Rank 14] Iteration 140: Energy = -6.6831, Magnetization = 0.4835
[Rank 14] Iteration 150: Energy = -6.8175, Magnetization = 0.4804
[Rank 14] Iteration 160: Energy = -5.2872, Magnetization = 0.4963
[Rank 14] Iteration 170: Energy = -5.4153, Magnetization = 0.4925
[Rank 14] Iteration 180: Energy = -4.4930, Magnetization = 0.5000
[Rank 14] Iteration 190: Energy = -4.4692, Magnetization = 0.4994
[Rank 12] Iteration   0: Energy = -19.7539, Magnetization = -0.0203
[Rank 12] Iteration  10: Energy = -20.1310, Magnetization = -0.0084
[Rank 12] Iteration  20: Energy = -19.8929, Magnetization = 0.0022
[Rank 12] Iteration  30: Energy = -19.7092, Magnetization = -0.0381
[Rank 12] Iteration  40: Energy = -20.3456, Magnetization = -0.0894
[Rank 12] Iteration  50: Energy = -20.0740, Magnetization = -0.1069
[Rank 12] Iteration  60: Energy = -20.4849, Magnetization = -0.1886
[Rank 12] Iteration  70: Energy = -20.8418, Magnetization = -0.2000
[Rank 12] Iteration  80: Energy = -20.7734, Magnetization = -0.3293
[Rank 12] Iteration  90: Energy = -21.5113, Magnetization = -0.4858
[Rank 12] Iteration 100: Energy = -20.4685, Magnetization = -0.5835
[Rank 12] Iteration 110: Energy = -18.0273, Magnetization = -0.5897
[Rank 12] Iteration 120: Energy = -16.3276, Magnetization = -0.6165
[Rank 12] Iteration 130: Energy = -15.1135, Magnetization = -0.5941
[Rank 12] Iteration 140: Energy = -14.3323, Magnetization = -0.6105
[Rank 12] Iteration 150: Energy = -13.0719, Magnetization = -0.6033
[Rank 12] Iteration 160: Energy = -13.3443, Magnetization = -0.6050
[Rank 12] Iteration 170: Energy = -13.3869, Magnetization = -0.6041
[Rank 12] Iteration 180: Energy = -12.1693, Magnetization = -0.6000
[Rank 12] Iteration 190: Energy = -12.1073, Magnetization = -0.6000
[Rank  6] Iteration   0: Energy = -20.2002, Magnetization = 0.0074
[Rank  6] Iteration  10: Energy = -20.0687, Magnetization = -0.0042
[Rank  6] Iteration  20: Energy = -20.0020, Magnetization = -0.0128
[Rank  6] Iteration  30: Energy = -19.8517, Magnetization = 0.0409
[Rank  6] Iteration  40: Energy = -19.8182, Magnetization = 0.0762
[Rank  6] Iteration  50: Energy = -20.5071, Magnetization = 0.1346
[Rank  6] Iteration  60: Energy = -20.1795, Magnetization = 0.1788
[Rank  6] Iteration  70: Energy = -19.7848, Magnetization = 0.2029
[Rank  6] Iteration  80: Energy = -20.2457, Magnetization = 0.2325
[Rank  6] Iteration  90: Energy = -20.2580, Magnetization = 0.4641
[Rank  6] Iteration 100: Energy = -19.7863, Magnetization = 0.5311
[Rank  6] Iteration 110: Energy = -18.3630, Magnetization = 0.6946
[Rank  6] Iteration 120: Energy = -18.6154, Magnetization = 0.2067
[Rank  6] Iteration 130: Energy = -17.2327, Magnetization = -0.6810
[Rank  6] Iteration 140: Energy = -16.2941, Magnetization = -0.7225
[Rank  6] Iteration 150: Energy = -16.1593, Magnetization = -0.7355
[Rank  6] Iteration 160: Energy = -15.2929, Magnetization = -0.7750
[Rank  6] Iteration 170: Energy = -14.5925, Magnetization = -0.7802
[Rank  6] Iteration 180: Energy = -14.8763, Magnetization = -0.7837
[Rank  6] Iteration 190: Energy = -15.2005, Magnetization = -0.7805
[Rank  4] Iteration   0: Energy = -19.8363, Magnetization = 0.0127
[Rank  4] Iteration  10: Energy = -19.1339, Magnetization = 0.0260
[Rank  4] Iteration  20: Energy = -19.9431, Magnetization = 0.0231
[Rank  4] Iteration  30: Energy = -20.3087, Magnetization = 0.0752
[Rank  4] Iteration  40: Energy = -19.7839, Magnetization = 0.0909
[Rank  4] Iteration  50: Energy = -20.2706, Magnetization = 0.1010
[Rank  4] Iteration  60: Energy = -19.2768, Magnetization = 0.1466
[Rank  4] Iteration  70: Energy = -19.7300, Magnetization = 0.1772
[Rank  4] Iteration  80: Energy = -19.7932, Magnetization = 0.3430
[Rank  4] Iteration  90: Energy = -19.3845, Magnetization = 0.3883
[Rank  4] Iteration 100: Energy = -17.4930, Magnetization = 0.4290
[Rank  4] Iteration 110: Energy = -14.5075, Magnetization = 0.4269
[Rank  4] Iteration 120: Energy = -12.4482, Magnetization = 0.4210
[Rank  4] Iteration 130: Energy = -10.3348, Magnetization = 0.4083
[Rank  4] Iteration 140: Energy = -10.6123, Magnetization = 0.4107
[Rank  4] Iteration 150: Energy = -9.1388, Magnetization = 0.4047
[Rank  4] Iteration 160: Energy = -8.7397, Magnetization = 0.4016
[Rank  4] Iteration 170: Energy = -10.3452, Magnetization = 0.3993
[Rank  4] Iteration 180: Energy = -8.1797, Magnetization = 0.4000
[Rank  4] Iteration 190: Energy = -8.1156, Magnetization = 0.4000
[Rank 30] Iteration   0: Energy = -20.1648, Magnetization = -0.0093
[Rank 30] Iteration  10: Energy = -19.2758, Magnetization = -0.0131
[Rank 30] Iteration  20: Energy = -20.4112, Magnetization = -0.0052
[Rank 30] Iteration  30: Energy = -20.1283, Magnetization = -0.0029
[Rank 30] Iteration  40: Energy = -20.0190, Magnetization = 0.0194
[Rank 30] Iteration  50: Energy = -20.1753, Magnetization = -0.0473
[Rank 30] Iteration  60: Energy = -19.5214, Magnetization = -0.0512
[Rank 30] Iteration  70: Energy = -18.2907, Magnetization = -0.0598
[Rank 30] Iteration  80: Energy = -14.8294, Magnetization = -0.1457
[Rank 30] Iteration  90: Energy = -8.3903, Magnetization = -0.1669
[Rank 30] Iteration 100: Energy = -3.0118, Magnetization = -0.1891
[Rank 30] Iteration 110: Energy = -3.1577, Magnetization = -0.1884
[Rank 30] Iteration 120: Energy = -2.6818, Magnetization = -0.2119
[Rank 30] Iteration 130: Energy = -2.5455, Magnetization = -0.2267
[Rank 30] Iteration 140: Energy = -4.4427, Magnetization = -0.3013
[Rank 30] Iteration 150: Energy = -4.7578, Magnetization = -0.3420
[Rank 30] Iteration 160: Energy = -4.9481, Magnetization = -0.3657
[Rank 30] Iteration 170: Energy = -4.7357, Magnetization = -0.3939
[Rank 30] Iteration 180: Energy = -4.6126, Magnetization = -0.3940
[Rank 30] Iteration 190: Energy = -4.2830, Magnetization = -0.4000
[Rank 24] Iteration   0: Energy = -19.9720, Magnetization = -0.0393
[Rank 24] Iteration  10: Energy = -20.4524, Magnetization = -0.0518
[Rank 24] Iteration  20: Energy = -20.6063, Magnetization = -0.0717
[Rank 24] Iteration  30: Energy = -20.2462, Magnetization = -0.1004
[Rank 24] Iteration  40: Energy = -19.7652, Magnetization = -0.1230
[Rank 24] Iteration  50: Energy = -20.2209, Magnetization = -0.1520
[Rank 24] Iteration  60: Energy = -20.7226, Magnetization = -0.1265
[Rank 24] Iteration  70: Energy = -20.4413, Magnetization = -0.3555
[Rank 24] Iteration  80: Energy = -17.9241, Magnetization = -0.4666
[Rank 24] Iteration  90: Energy = -14.2530, Magnetization = -0.4356
[Rank 24] Iteration 100: Energy = -12.0748, Magnetization = 0.3547
[Rank 24] Iteration 110: Energy = -8.9886, Magnetization = -0.3950
[Rank 24] Iteration 120: Energy = -7.6893, Magnetization = 0.3880
[Rank 24] Iteration 130: Energy = -7.1534, Magnetization = 0.3905
[Rank 24] Iteration 140: Energy = -6.7314, Magnetization = 0.3898
[Rank 24] Iteration 150: Energy = -7.4874, Magnetization = 0.3955
[Rank 24] Iteration 160: Energy = -5.0643, Magnetization = -0.4029
[Rank 24] Iteration 170: Energy = -4.6388, Magnetization = -0.4006
[Rank 24] Iteration 180: Energy = -4.6624, Magnetization = 0.3992
[Rank 24] Iteration 190: Energy = -5.4276, Magnetization = 0.3967
[Rank 28] Iteration   0: Energy = -19.8921, Magnetization = 0.0153
[Rank 28] Iteration  10: Energy = -19.8314, Magnetization = 0.0131
[Rank 28] Iteration  20: Energy = -19.2404, Magnetization = 0.0314
[Rank 28] Iteration  30: Energy = -19.6986, Magnetization = 0.0268
[Rank 28] Iteration  40: Energy = -20.2037, Magnetization = 0.0625
[Rank 28] Iteration  50: Energy = -20.1832, Magnetization = 0.0898
[Rank 28] Iteration  60: Energy = -19.8904, Magnetization = 0.0985
[Rank 28] Iteration  70: Energy = -19.0799, Magnetization = 0.2147
[Rank 28] Iteration  80: Energy = -16.2770, Magnetization = 0.3049
[Rank 28] Iteration  90: Energy = -12.1233, Magnetization = 0.3925
[Rank 28] Iteration 100: Energy = -11.7671, Magnetization = -0.2699
[Rank 28] Iteration 110: Energy = -10.3930, Magnetization = -0.3389
[Rank 28] Iteration 120: Energy = -8.6882, Magnetization = -0.4095
[Rank 28] Iteration 130: Energy = -8.1433, Magnetization = -0.4238
[Rank 28] Iteration 140: Energy = -7.5249, Magnetization = -0.4438
[Rank 28] Iteration 150: Energy = -7.3579, Magnetization = -0.4656
[Rank 28] Iteration 160: Energy = -9.1095, Magnetization = -0.4662
[Rank 28] Iteration 170: Energy = -4.9010, Magnetization = 0.4992
[Rank 28] Iteration 180: Energy = -4.5406, Magnetization = 0.5000
[Rank 28] Iteration 190: Energy = -4.9149, Magnetization = -0.4970
[Rank  1] Iteration   0: Energy = -19.9183, Magnetization = -0.0080
[Rank  1] Iteration  10: Energy = -19.9307, Magnetization = -0.0124
[Rank  1] Iteration  20: Energy = -20.4127, Magnetization = 0.0153
[Rank  1] Iteration  30: Energy = -20.0950, Magnetization = -0.0453
[Rank  1] Iteration  40: Energy = -20.3892, Magnetization = -0.0434
[Rank  1] Iteration  50: Energy = -20.3722, Magnetization = -0.0955
[Rank  1] Iteration  60: Energy = -20.2834, Magnetization = -0.1568
[Rank  1] Iteration  70: Energy = -20.3798, Magnetization = -0.2760
[Rank  1] Iteration  80: Energy = -20.6275, Magnetization = -0.4598
[Rank  1] Iteration  90: Energy = -19.4083, Magnetization = -0.6416
[Rank  1] Iteration 100: Energy = -17.7788, Magnetization = -0.6753
[Rank  1] Iteration 110: Energy = -16.8887, Magnetization = 0.6418
[Rank  1] Iteration 120: Energy = -16.6493, Magnetization = 0.6550
[Rank  1] Iteration 130: Energy = -16.7443, Magnetization = 0.6658
[Rank  1] Iteration 140: Energy = -16.3678, Magnetization = 0.6703
[Rank  1] Iteration 150: Energy = -16.5534, Magnetization = 0.6603
[Rank  1] Iteration 160: Energy = -17.1858, Magnetization = 0.6650
[Rank  1] Iteration 170: Energy = -15.7123, Magnetization = 0.6812
[Rank  1] Iteration 180: Energy = -15.4061, Magnetization = 0.6777
[Rank  1] Iteration 190: Energy = -13.7470, Magnetization = 0.6964
[Rank 10] Iteration   0: Energy = -20.1648, Magnetization = -0.0157
[Rank 10] Iteration  10: Energy = -20.1524, Magnetization = -0.0428
[Rank 10] Iteration  20: Energy = -20.4303, Magnetization = -0.0640
[Rank 10] Iteration  30: Energy = -19.7673, Magnetization = -0.0665
[Rank 10] Iteration  40: Energy = -20.1210, Magnetization = -0.0913
[Rank 10] Iteration  50: Energy = -20.1305, Magnetization = -0.1114
[Rank 10] Iteration  60: Energy = -20.0811, Magnetization = -0.1536
[Rank 10] Iteration  70: Energy = -20.5804, Magnetization = -0.2435
[Rank 10] Iteration  80: Energy = -20.6483, Magnetization = -0.4625
[Rank 10] Iteration  90: Energy = -18.3550, Magnetization = -0.5307
[Rank 10] Iteration 100: Energy = -16.4711, Magnetization = -0.5542
[Rank 10] Iteration 110: Energy = -14.6677, Magnetization = 0.4504
[Rank 10] Iteration 120: Energy = -13.8120, Magnetization = 0.4697
[Rank 10] Iteration 130: Energy = -11.8141, Magnetization = 0.4776
[Rank 10] Iteration 140: Energy = -10.6556, Magnetization = 0.4929
[Rank 10] Iteration 150: Energy = -8.7733, Magnetization = 0.5000
[Rank 10] Iteration 160: Energy = -8.5530, Magnetization = 0.4998
[Rank 10] Iteration 170: Energy = -8.3095, Magnetization = 0.5000
[Rank 10] Iteration 180: Energy = -8.3074, Magnetization = 0.4999
[Rank 10] Iteration 190: Energy = -8.1209, Magnetization = 0.5000
[Rank 47] Iteration   0: Energy = -19.6568, Magnetization = 0.0233
[Rank 47] Iteration  10: Energy = -19.9413, Magnetization = 0.0109
[Rank 47] Iteration  20: Energy = -19.9331, Magnetization = 0.0277
[Rank 47] Iteration  30: Energy = -20.4398, Magnetization = 0.0731
[Rank 47] Iteration  40: Energy = -20.1675, Magnetization = 0.0290
[Rank 47] Iteration  50: Energy = -19.7181, Magnetization = 0.1156
[Rank 47] Iteration  60: Energy = -20.8499, Magnetization = 0.1914
[Rank 47] Iteration  70: Energy = -21.0274, Magnetization = 0.3221
[Rank 47] Iteration  80: Energy = -22.8863, Magnetization = 0.5585
[Rank 47] Iteration  90: Energy = -22.0440, Magnetization = 0.7034
[Rank 47] Iteration 100: Energy = -21.0261, Magnetization = 0.7716
[Rank 47] Iteration 110: Energy = -21.1788, Magnetization = -0.7099
[Rank 47] Iteration 120: Energy = -19.0133, Magnetization = 0.7979
[Rank 47] Iteration 130: Energy = -18.4645, Magnetization = 0.8041
[Rank 47] Iteration 140: Energy = -18.1912, Magnetization = -0.7918
[Rank 47] Iteration 150: Energy = -17.4315, Magnetization = -0.7951
[Rank 47] Iteration 160: Energy = -16.3475, Magnetization = 0.8000
[Rank 47] Iteration 170: Energy = -16.2485, Magnetization = 0.8000
[Rank 47] Iteration 180: Energy = -16.3674, Magnetization = -0.8000
[Rank 47] Iteration 190: Energy = -16.1083, Magnetization = 0.8000
[Rank 40] Iteration   0: Energy = -20.0548, Magnetization = 0.0187
[Rank 40] Iteration  10: Energy = -19.6612, Magnetization = 0.0175
[Rank 40] Iteration  20: Energy = -19.8532, Magnetization = 0.0209
[Rank 40] Iteration  30: Energy = -19.7189, Magnetization = 0.0221
[Rank 40] Iteration  40: Energy = -19.8894, Magnetization = 0.0688
[Rank 40] Iteration  50: Energy = -19.9966, Magnetization = 0.1238
[Rank 40] Iteration  60: Energy = -19.9072, Magnetization = 0.1733
[Rank 40] Iteration  70: Energy = -19.6506, Magnetization = 0.1809
[Rank 40] Iteration  80: Energy = -20.0505, Magnetization = 0.2061
[Rank 40] Iteration  90: Energy = -19.0189, Magnetization = 0.2437
[Rank 40] Iteration 100: Energy = -16.3478, Magnetization = 0.3751
[Rank 40] Iteration 110: Energy = -14.9941, Magnetization = 0.4452
[Rank 40] Iteration 120: Energy = -13.6823, Magnetization = -0.1316
[Rank 40] Iteration 130: Energy = -11.9314, Magnetization = -0.3581
[Rank 40] Iteration 140: Energy = -11.6436, Magnetization = -0.3969
[Rank 40] Iteration 150: Energy = -12.0378, Magnetization = -0.4254
[Rank 40] Iteration 160: Energy = -11.5262, Magnetization = -0.4375
[Rank 40] Iteration 170: Energy = -10.8679, Magnetization = -0.4378
[Rank 40] Iteration 180: Energy = -11.3313, Magnetization = -0.4524
[Rank 40] Iteration 190: Energy = -11.1361, Magnetization = -0.4632
[Rank 44] Iteration   0: Energy = -19.7820, Magnetization = -0.0320
[Rank 44] Iteration  10: Energy = -19.9348, Magnetization = -0.0383
[Rank 44] Iteration  20: Energy = -20.0771, Magnetization = -0.0010
[Rank 44] Iteration  30: Energy = -19.7211, Magnetization = -0.0783
[Rank 44] Iteration  40: Energy = -20.1122, Magnetization = -0.0301
[Rank 44] Iteration  50: Energy = -20.5227, Magnetization = -0.1261
[Rank 44] Iteration  60: Energy = -20.0359, Magnetization = -0.2484
[Rank 44] Iteration  70: Energy = -20.1637, Magnetization = -0.3921
[Rank 44] Iteration  80: Energy = -21.1194, Magnetization = -0.6243
[Rank 44] Iteration  90: Energy = -21.2707, Magnetization = -0.7860
[Rank 44] Iteration 100: Energy = -20.0512, Magnetization = -0.8425
[Rank 44] Iteration 110: Energy = -19.0251, Magnetization = -0.8813
[Rank 44] Iteration 120: Energy = -18.1267, Magnetization = -0.8905
[Rank 44] Iteration 130: Energy = -18.9127, Magnetization = 0.8786
[Rank 44] Iteration 140: Energy = -18.5888, Magnetization = 0.8852
[Rank 44] Iteration 150: Energy = -16.8334, Magnetization = -0.8984
[Rank 44] Iteration 160: Energy = -16.3110, Magnetization = -0.9000
[Rank 44] Iteration 170: Energy = -17.1550, Magnetization = 0.8979
[Rank 44] Iteration 180: Energy = -16.1722, Magnetization = -0.9000
[Rank 44] Iteration 190: Energy = -16.3293, Magnetization = 0.9000
[Rank 46] Iteration   0: Energy = -20.0648, Magnetization = 0.0106
[Rank 46] Iteration  10: Energy = -20.0287, Magnetization = -0.0001
[Rank 46] Iteration  20: Energy = -20.0530, Magnetization = 0.0017
[Rank 46] Iteration  30: Energy = -20.4969, Magnetization = 0.0571
[Rank 46] Iteration  40: Energy = -20.1781, Magnetization = 0.0448
[Rank 46] Iteration  50: Energy = -20.3388, Magnetization = 0.0555
[Rank 46] Iteration  60: Energy = -20.0949, Magnetization = 0.0644
[Rank 46] Iteration  70: Energy = -19.6953, Magnetization = 0.1173
[Rank 46] Iteration  80: Energy = -19.8102, Magnetization = 0.2035
[Rank 46] Iteration  90: Energy = -18.9083, Magnetization = 0.3775
[Rank 46] Iteration 100: Energy = -18.2879, Magnetization = 0.4508
[Rank 46] Iteration 110: Energy = -16.4859, Magnetization = 0.4993
[Rank 46] Iteration 120: Energy = -16.1010, Magnetization = -0.3776
[Rank 46] Iteration 130: Energy = -14.8912, Magnetization = -0.4723
[Rank 46] Iteration 140: Energy = -15.1671, Magnetization = -0.4475
[Rank 46] Iteration 150: Energy = -14.6306, Magnetization = -0.5188
[Rank 46] Iteration 160: Energy = -14.9548, Magnetization = -0.5167
[Rank 46] Iteration 170: Energy = -14.4921, Magnetization = -0.5282
[Rank 46] Iteration 180: Energy = -14.1008, Magnetization = -0.5391
[Rank 46] Iteration 190: Energy = -14.1614, Magnetization = -0.5507
[Rank 51] Iteration   0: Energy = -20.1131, Magnetization = 0.0105
[Rank 51] Iteration  10: Energy = -19.9738, Magnetization = 0.0003
[Rank 51] Iteration  20: Energy = -20.3678, Magnetization = 0.0448
[Rank 51] Iteration  30: Energy = -20.5687, Magnetization = -0.0203
[Rank 51] Iteration  40: Energy = -19.3695, Magnetization = 0.0223
[Rank 51] Iteration  50: Energy = -19.8277, Magnetization = 0.0590
[Rank 51] Iteration  60: Energy = -19.8230, Magnetization = 0.0874
[Rank 51] Iteration  70: Energy = -19.9597, Magnetization = 0.1301
[Rank 51] Iteration  80: Energy = -19.0634, Magnetization = 0.1318
[Rank 51] Iteration  90: Energy = -17.5498, Magnetization = 0.2315
[Rank 51] Iteration 100: Energy = -11.4102, Magnetization = 0.2619
[Rank 51] Iteration 110: Energy = -10.2789, Magnetization = 0.2465
[Rank 51] Iteration 120: Energy = -5.2237, Magnetization = 0.2128
[Rank 51] Iteration 130: Energy = -2.8500, Magnetization = 0.2111
[Rank 51] Iteration 140: Energy = -2.8007, Magnetization = 0.2118
[Rank 51] Iteration 150: Energy = -1.6795, Magnetization = 0.2027
[Rank 51] Iteration 160: Energy = -1.1284, Magnetization = 0.2031
[Rank 51] Iteration 170: Energy = -0.2997, Magnetization = 0.2000
[Rank 51] Iteration 180: Energy = -1.9770, Magnetization = 0.2018
[Rank 51] Iteration 190: Energy = -0.1234, Magnetization = 0.2000
[Rank 48] Iteration   0: Energy = -20.0042, Magnetization = 0.0070
[Rank 48] Iteration  10: Energy = -20.2666, Magnetization = 0.0208
[Rank 48] Iteration  20: Energy = -19.3625, Magnetization = 0.0181
[Rank 48] Iteration  30: Energy = -20.2955, Magnetization = 0.0503
[Rank 48] Iteration  40: Energy = -19.4402, Magnetization = 0.0660
[Rank 48] Iteration  50: Energy = -20.2769, Magnetization = 0.0521
[Rank 48] Iteration  60: Energy = -19.5439, Magnetization = 0.1214
[Rank 48] Iteration  70: Energy = -19.5621, Magnetization = 0.1493
[Rank 48] Iteration  80: Energy = -16.6651, Magnetization = 0.1485
[Rank 48] Iteration  90: Energy = -13.6358, Magnetization = 0.2124
[Rank 48] Iteration 100: Energy = -10.6732, Magnetization = 0.2055
[Rank 48] Iteration 110: Energy = -9.0635, Magnetization = 0.2098
[Rank 48] Iteration 120: Energy = -7.6974, Magnetization = 0.2101
[Rank 48] Iteration 130: Energy = -5.8660, Magnetization = 0.2068
[Rank 48] Iteration 140: Energy = -8.3561, Magnetization = 0.2081
[Rank 48] Iteration 150: Energy = -5.6709, Magnetization = 0.2090
[Rank 48] Iteration 160: Energy = -5.2682, Magnetization = 0.2038
[Rank 48] Iteration 170: Energy = -4.3288, Magnetization = 0.2000
[Rank 48] Iteration 180: Energy = -4.7057, Magnetization = 0.1993
[Rank 48] Iteration 190: Energy = -4.1348, Magnetization = 0.2000
[Rank 32] Iteration   0: Energy = -19.8716, Magnetization = 0.0225
[Rank 32] Iteration  10: Energy = -19.5999, Magnetization = 0.0056
[Rank 32] Iteration  20: Energy = -19.2578, Magnetization = 0.0251
[Rank 32] Iteration  30: Energy = -20.3372, Magnetization = -0.0231
[Rank 32] Iteration  40: Energy = -19.8590, Magnetization = 0.0455
[Rank 32] Iteration  50: Energy = -20.0480, Magnetization = 0.0167
[Rank 32] Iteration  60: Energy = -19.8434, Magnetization = 0.0449
[Rank 32] Iteration  70: Energy = -20.0385, Magnetization = 0.0493
[Rank 32] Iteration  80: Energy = -19.9527, Magnetization = 0.1058
[Rank 32] Iteration  90: Energy = -19.4671, Magnetization = 0.0404
[Rank 32] Iteration 100: Energy = -17.2268, Magnetization = 0.0059
[Rank 32] Iteration 110: Energy = -17.0141, Magnetization = 0.0272
[Rank 32] Iteration 120: Energy = -16.0144, Magnetization = 0.0287
[Rank 32] Iteration 130: Energy = -14.9301, Magnetization = 0.0022
[Rank 32] Iteration 140: Energy = -13.9940, Magnetization = -0.0019
[Rank 32] Iteration 150: Energy = -13.0795, Magnetization = 0.0004
[Rank 32] Iteration 160: Energy = -14.3032, Magnetization = -0.0014
[Rank 32] Iteration 170: Energy = -13.3056, Magnetization = -0.0012
[Rank 32] Iteration 180: Energy = -12.3338, Magnetization = 0.0000
[Rank 32] Iteration 190: Energy = -12.2480, Magnetization = 0.0000
[Rank 50] Iteration   0: Energy = -19.9508, Magnetization = 0.0220
[Rank 50] Iteration  10: Energy = -20.2442, Magnetization = 0.0048
[Rank 50] Iteration  20: Energy = -20.4337, Magnetization = -0.0106
[Rank 50] Iteration  30: Energy = -19.9982, Magnetization = 0.0487
[Rank 50] Iteration  40: Energy = -19.8714, Magnetization = 0.0918
[Rank 50] Iteration  50: Energy = -19.7429, Magnetization = 0.0631
[Rank 50] Iteration  60: Energy = -19.6334, Magnetization = 0.2307
[Rank 50] Iteration  70: Energy = -20.2099, Magnetization = 0.2426
[Rank 50] Iteration  80: Energy = -18.9332, Magnetization = 0.4347
[Rank 50] Iteration  90: Energy = -17.0920, Magnetization = 0.5947
[Rank 50] Iteration 100: Energy = -15.4129, Magnetization = 0.6487
[Rank 50] Iteration 110: Energy = -13.1271, Magnetization = 0.6768
[Rank 50] Iteration 120: Energy = -11.8178, Magnetization = 0.6942
[Rank 50] Iteration 130: Energy = -10.9886, Magnetization = 0.6940
[Rank 50] Iteration 140: Energy = -10.2599, Magnetization = 0.6984
[Rank 50] Iteration 150: Energy = -9.2385, Magnetization = 0.6975
[Rank 50] Iteration 160: Energy = -10.6858, Magnetization = -0.6937
[Rank 50] Iteration 170: Energy = -8.3325, Magnetization = 0.7000
[Rank 50] Iteration 180: Energy = -8.2465, Magnetization = 0.7000
[Rank 50] Iteration 190: Energy = -8.7406, Magnetization = -0.6986
[Rank 23] Iteration   0: Energy = -20.2255, Magnetization = 0.0043
[Rank 23] Iteration  10: Energy = -20.0942, Magnetization = 0.0130
[Rank 23] Iteration  20: Energy = -19.7207, Magnetization = 0.0040
[Rank 23] Iteration  30: Energy = -20.3083, Magnetization = 0.0307
[Rank 23] Iteration  40: Energy = -20.1370, Magnetization = 0.0629
[Rank 23] Iteration  50: Energy = -20.6140, Magnetization = 0.0781
[Rank 23] Iteration  60: Energy = -20.1170, Magnetization = 0.1610
[Rank 23] Iteration  70: Energy = -20.1600, Magnetization = 0.2572
[Rank 23] Iteration  80: Energy = -19.2962, Magnetization = 0.3828
[Rank 23] Iteration  90: Energy = -18.1819, Magnetization = 0.4875
[Rank 23] Iteration 100: Energy = -14.3187, Magnetization = 0.5165
[Rank 23] Iteration 110: Energy = -12.4185, Magnetization = 0.4881
[Rank 23] Iteration 120: Energy = -10.7279, Magnetization = 0.4984
[Rank 23] Iteration 130: Energy = -10.3781, Magnetization = 0.5090
[Rank 23] Iteration 140: Energy = -8.9091, Magnetization = 0.5008
[Rank 23] Iteration 150: Energy = -8.8154, Magnetization = 0.5000
[Rank 23] Iteration 160: Energy = -8.4327, Magnetization = 0.5003
[Rank 23] Iteration 170: Energy = -8.2036, Magnetization = 0.5000
[Rank 23] Iteration 180: Energy = -8.1304, Magnetization = 0.5000
[Rank 23] Iteration 190: Energy = -8.0830, Magnetization = 0.5000
[Rank 22] Iteration   0: Energy = -20.2229, Magnetization = 0.0160
[Rank 22] Iteration  10: Energy = -19.5200, Magnetization = 0.0351
[Rank 22] Iteration  20: Energy = -19.9822, Magnetization = 0.0807
[Rank 22] Iteration  30: Energy = -20.3306, Magnetization = 0.0949
[Rank 22] Iteration  40: Energy = -20.5671, Magnetization = 0.1032
[Rank 22] Iteration  50: Energy = -20.7440, Magnetization = 0.1566
[Rank 22] Iteration  60: Energy = -21.2942, Magnetization = 0.4047
[Rank 22] Iteration  70: Energy = -23.6199, Magnetization = 0.6326
[Rank 22] Iteration  80: Energy = -24.1269, Magnetization = 0.8115
[Rank 22] Iteration  90: Energy = -24.0209, Magnetization = 0.3581
[Rank 22] Iteration 100: Energy = -23.8331, Magnetization = -0.8693
[Rank 22] Iteration 110: Energy = -22.3821, Magnetization = 0.9864
[Rank 22] Iteration 120: Energy = -24.3141, Magnetization = -0.9251
[Rank 22] Iteration 130: Energy = -23.4910, Magnetization = -0.9435
[Rank 22] Iteration 140: Energy = -23.5730, Magnetization = -0.9468
[Rank 22] Iteration 150: Energy = -23.2289, Magnetization = -0.9689
[Rank 22] Iteration 160: Energy = -23.0654, Magnetization = -0.9803
[Rank 22] Iteration 170: Energy = -22.2075, Magnetization = -0.9915
[Rank 22] Iteration 180: Energy = -22.5349, Magnetization = -0.9913
[Rank 22] Iteration 190: Energy = -22.3931, Magnetization = -0.9863
[Rank 20] Iteration   0: Energy = -20.3417, Magnetization = 0.0124
[Rank 20] Iteration  10: Energy = -19.9212, Magnetization = 0.0041
[Rank 20] Iteration  20: Energy = -20.2249, Magnetization = 0.0686
[Rank 20] Iteration  30: Energy = -20.0821, Magnetization = 0.0454
[Rank 20] Iteration  40: Energy = -20.5321, Magnetization = 0.0674
[Rank 20] Iteration  50: Energy = -20.2749, Magnetization = 0.1255
[Rank 20] Iteration  60: Energy = -20.5099, Magnetization = 0.1430
[Rank 20] Iteration  70: Energy = -19.8205, Magnetization = 0.1828
[Rank 20] Iteration  80: Energy = -19.8295, Magnetization = 0.1958
[Rank 20] Iteration  90: Energy = -16.6079, Magnetization = 0.3360
[Rank 20] Iteration 100: Energy = -9.3819, Magnetization = 0.3822
[Rank 20] Iteration 110: Energy = -9.0714, Magnetization = 0.3975
[Rank 20] Iteration 120: Energy = -5.7754, Magnetization = 0.4015
[Rank 20] Iteration 130: Energy = -2.9323, Magnetization = 0.4076
[Rank 20] Iteration 140: Energy = -1.9747, Magnetization = 0.4114
[Rank 20] Iteration 150: Energy = -1.3272, Magnetization = 0.4012
[Rank 20] Iteration 160: Energy = -1.0890, Magnetization = 0.3997
[Rank 20] Iteration 170: Energy = -5.2781, Magnetization = 0.3928
[Rank 20] Iteration 180: Energy = -0.3843, Magnetization = 0.4008
[Rank 20] Iteration 190: Energy = -0.1027, Magnetization = 0.4000
[Rank 16] Iteration   0: Energy = -20.1651, Magnetization = -0.0251
[Rank 16] Iteration  10: Energy = -19.9530, Magnetization = -0.0276
[Rank 16] Iteration  20: Energy = -20.1111, Magnetization = -0.0020
[Rank 16] Iteration  30: Energy = -20.0467, Magnetization = -0.0591
[Rank 16] Iteration  40: Energy = -20.2707, Magnetization = -0.0598
[Rank 16] Iteration  50: Energy = -19.9394, Magnetization = -0.0753
[Rank 16] Iteration  60: Energy = -19.7615, Magnetization = -0.1491
[Rank 16] Iteration  70: Energy = -19.9349, Magnetization = -0.1426
[Rank 16] Iteration  80: Energy = -19.8023, Magnetization = -0.2258
[Rank 16] Iteration  90: Energy = -18.4697, Magnetization = -0.3799
[Rank 16] Iteration 100: Energy = -15.1303, Magnetization = -0.3964
[Rank 16] Iteration 110: Energy = -12.4452, Magnetization = 0.0899
[Rank 16] Iteration 120: Energy = -9.0445, Magnetization = -0.4052
[Rank 16] Iteration 130: Energy = -8.1654, Magnetization = 0.3550
[Rank 16] Iteration 140: Energy = -6.1657, Magnetization = -0.3977
[Rank 16] Iteration 150: Energy = -5.0143, Magnetization = -0.3983
[Rank 16] Iteration 160: Energy = -4.7307, Magnetization = -0.3995
[Rank 16] Iteration 170: Energy = -7.1118, Magnetization = -0.3946
[Rank 16] Iteration 180: Energy = -4.2252, Magnetization = -0.4000
[Rank 16] Iteration 190: Energy = -4.1435, Magnetization = -0.4000
[Rank  8] Iteration   0: Energy = -20.1367, Magnetization = -0.0026
[Rank  8] Iteration  10: Energy = -19.9203, Magnetization = -0.0142
[Rank  8] Iteration  20: Energy = -20.1822, Magnetization = -0.0993
[Rank  8] Iteration  30: Energy = -20.5948, Magnetization = -0.0756
[Rank  8] Iteration  40: Energy = -20.2872, Magnetization = -0.1027
[Rank  8] Iteration  50: Energy = -19.6647, Magnetization = -0.0837
[Rank  8] Iteration  60: Energy = -20.9092, Magnetization = -0.1590
[Rank  8] Iteration  70: Energy = -20.2697, Magnetization = -0.2287
[Rank  8] Iteration  80: Energy = -19.3567, Magnetization = -0.3795
[Rank  8] Iteration  90: Energy = -16.6256, Magnetization = -0.4404
[Rank  8] Iteration 100: Energy = -14.6133, Magnetization = -0.4938
[Rank  8] Iteration 110: Energy = -13.8993, Magnetization = 0.4213
[Rank  8] Iteration 120: Energy = -11.6245, Magnetization = -0.5114
[Rank  8] Iteration 130: Energy = -10.8134, Magnetization = -0.4932
[Rank  8] Iteration 140: Energy = -9.8365, Magnetization = -0.5055
[Rank  8] Iteration 150: Energy = -8.7592, Magnetization = -0.5000
[Rank  8] Iteration 160: Energy = -10.1054, Magnetization = -0.5112
[Rank  8] Iteration 170: Energy = -8.3822, Magnetization = -0.5000
[Rank  8] Iteration 180: Energy = -9.3801, Magnetization = 0.4948
[Rank  8] Iteration 190: Energy = -8.7168, Magnetization = 0.4984
[Rank  0] Iteration   0: Energy = -19.6026, Magnetization = 0.0010
[Rank  0] Iteration  10: Energy = -20.1352, Magnetization = 0.0231
[Rank  0] Iteration  20: Energy = -19.7708, Magnetization = 0.0221
[Rank  0] Iteration  30: Energy = -19.5957, Magnetization = 0.0301
[Rank  0] Iteration  40: Energy = -19.1023, Magnetization = 0.0048
[Rank  0] Iteration  50: Energy = -19.7939, Magnetization = 0.0608
[Rank  0] Iteration  60: Energy = -19.3685, Magnetization = 0.0953
[Rank  0] Iteration  70: Energy = -19.4295, Magnetization = 0.1672
[Rank  0] Iteration  80: Energy = -18.9266, Magnetization = 0.1867
[Rank  0] Iteration  90: Energy = -17.0840, Magnetization = 0.2179
[Rank  0] Iteration 100: Energy = -14.1293, Magnetization = 0.4328
[Rank  0] Iteration 110: Energy = -11.3395, Magnetization = 0.5624
[Rank  0] Iteration 120: Energy = -9.8802, Magnetization = 0.5681
[Rank  0] Iteration 130: Energy = -7.4930, Magnetization = 0.5925
[Rank  0] Iteration 140: Energy = -7.6635, Magnetization = -0.5599
[Rank  0] Iteration 150: Energy = -5.1621, Magnetization = 0.6007
[Rank  0] Iteration 160: Energy = -5.8318, Magnetization = -0.5924
[Rank  0] Iteration 170: Energy = -5.3220, Magnetization = -0.5949
[Rank  0] Iteration 180: Energy = -5.4972, Magnetization = -0.5967
[Rank  0] Iteration 190: Energy = -6.2623, Magnetization = -0.5915
Parallel moderate run completed on one node. Outputs saved.
Visible bias a: 0.2506104364654089
Job ended on Sat Mar 29 12:04:11 EDT 2025
